0 info it worked if it ends with ok
1 verbose cli [ '/usr/bin/nodejs', '/usr/bin/npm', 'stop' ]
2 info using npm@3.5.2
3 info using node@v4.2.6
4 verbose run-script [ 'prestop', 'stop', 'poststop' ]
5 info lifecycle roboplantapp@0.0.0~prestop: roboplantapp@0.0.0
6 silly lifecycle roboplantapp@0.0.0~prestop: no script for prestop, continuing
7 info lifecycle roboplantapp@0.0.0~stop: roboplantapp@0.0.0
8 verbose lifecycle roboplantapp@0.0.0~stop: unsafe-perm in lifecycle true
9 verbose lifecycle roboplantapp@0.0.0~stop: PATH: /usr/share/npm/bin/node-gyp-bin:/home/ubuntu/roboPlantApp/node_modules/.bin:/usr/local/sbin:/usr/local/bin:/usr/sbin:/usr/bin:/sbin:/bin:/usr/games:/usr/local/games
10 verbose lifecycle roboplantapp@0.0.0~stop: CWD: /home/ubuntu/roboPlantApp
11 silly lifecycle roboplantapp@0.0.0~stop: Args: [ '-c', 'node server.stop.js' ]
12 silly lifecycle roboplantapp@0.0.0~stop: Returned: code: 1  signal: null
13 info lifecycle roboplantapp@0.0.0~stop: Failed to exec stop script
14 verbose stack Error: roboplantapp@0.0.0 stop: `node server.stop.js`
14 verbose stack Exit status 1
14 verbose stack     at EventEmitter.<anonymous> (/usr/share/npm/lib/utils/lifecycle.js:232:16)
14 verbose stack     at emitTwo (events.js:87:13)
14 verbose stack     at EventEmitter.emit (events.js:172:7)
14 verbose stack     at ChildProcess.<anonymous> (/usr/share/npm/lib/utils/spawn.js:24:14)
14 verbose stack     at emitTwo (events.js:87:13)
14 verbose stack     at ChildProcess.emit (events.js:172:7)
14 verbose stack     at maybeClose (internal/child_process.js:821:16)
14 verbose stack     at Process.ChildProcess._handle.onexit (internal/child_process.js:211:5)
15 verbose pkgid roboplantapp@0.0.0
16 verbose cwd /home/ubuntu/roboPlantApp
17 error Linux 4.1.19-v7+
18 error argv "/usr/bin/nodejs" "/usr/bin/npm" "stop"
19 error node v4.2.6
20 error npm  v3.5.2
21 error code ELIFECYCLE
22 error roboplantapp@0.0.0 stop: `node server.stop.js`
22 error Exit status 1
23 error Failed at the roboplantapp@0.0.0 stop script 'node server.stop.js'.
23 error Make sure you have the latest version of node.js and npm installed.
23 error If you do, this is most likely a problem with the roboplantapp package,
23 error not with npm itself.
23 error Tell the author that this fails on your system:
23 error     node server.stop.js
23 error You can get information on how to open an issue for this project with:
23 error     npm bugs roboplantapp
23 error Or if that isn't available, you can get their info via:
23 error     npm owner ls roboplantapp
23 error There is likely additional logging output above.
24 verbose exit [ 1, true ]
